2025-08-13 22:54:47,626 INFO o.a.j.u.JMeterUtils: Setting Locale to en_US
2025-08-13 22:54:47,667 INFO o.a.j.JMeter: Loading user properties from: user.properties
2025-08-13 22:54:47,668 INFO o.a.j.JMeter: Loading system properties from: system.properties
2025-08-13 22:54:47,692 INFO o.a.j.JMeter: Copyright (c) 1998-2024 The Apache Software Foundation
2025-08-13 22:54:47,692 INFO o.a.j.JMeter: Version 5.6.3
2025-08-13 22:54:47,694 INFO o.a.j.JMeter: java.version=20.0.2
2025-08-13 22:54:47,694 INFO o.a.j.JMeter: java.vm.name=Java HotSpot(TM) 64-Bit Server VM
2025-08-13 22:54:47,694 INFO o.a.j.JMeter: os.name=Windows 11
2025-08-13 22:54:47,694 INFO o.a.j.JMeter: os.arch=amd64
2025-08-13 22:54:47,695 INFO o.a.j.JMeter: os.version=10.0
2025-08-13 22:54:47,695 INFO o.a.j.JMeter: file.encoding=UTF-8
2025-08-13 22:54:47,695 INFO o.a.j.JMeter: java.awt.headless=null
2025-08-13 22:54:47,695 INFO o.a.j.JMeter: Max memory     =4263510016
2025-08-13 22:54:47,696 INFO o.a.j.JMeter: Available Processors =4
2025-08-13 22:54:47,725 INFO o.a.j.JMeter: Default Locale=English (United States)
2025-08-13 22:54:47,726 INFO o.a.j.JMeter: JMeter  Locale=English (United States)
2025-08-13 22:54:47,726 INFO o.a.j.JMeter: JMeterHome=C:\Users\user\Downloads\apache-jmeter-5.6.3\apache-jmeter-5.6.3
2025-08-13 22:54:47,726 INFO o.a.j.JMeter: user.dir  =C:\Users\user\Downloads\apache-jmeter-5.6.3\apache-jmeter-5.6.3\bin
2025-08-13 22:54:47,727 INFO o.a.j.JMeter: PWD       =C:\Users\user\Downloads\apache-jmeter-5.6.3\apache-jmeter-5.6.3\bin
2025-08-13 22:54:47,729 INFO o.a.j.JMeter: IP: 10.109.110.218 Name: Emeka-Richardson-Echefu FullName: Emeka-Richardson-Echefu
2025-08-13 22:54:47,763 INFO o.a.j.JMeter: Loaded icon properties from org/apache/jmeter/images/icon.properties
2025-08-13 22:54:48,243 INFO o.a.j.JMeterGuiLauncher: Setting LAF to: com.github.weisj.darklaf.DarkLaf:com.github.weisj.darklaf.theme.DarculaTheme
2025-08-13 22:54:50,370 INFO o.a.j.r.ClassFinder: Will scan jar C:\Users\user\Downloads\apache-jmeter-5.6.3\apache-jmeter-5.6.3\lib\ext\jmeter-plugins-graphs-ggl-2.0.jar with filter ExtendsClassFilter [parents=[interface org.apache.jmeter.gui.action.Command], inner=false, contains=null, notContains=null]. Consider exposing JMeter plugins via META-INF/services, and add JMeter-Skip-Class-Scanning=true manifest attribute so JMeter can skip classfile scanning
2025-08-13 22:54:50,379 INFO o.a.j.r.ClassFinder: Will scan jar C:\Users\user\Downloads\apache-jmeter-5.6.3\apache-jmeter-5.6.3\lib\ext\jmeter-plugins-graphs-vs-2.0.jar with filter ExtendsClassFilter [parents=[interface org.apache.jmeter.gui.action.Command], inner=false, contains=null, notContains=null]. Consider exposing JMeter plugins via META-INF/services, and add JMeter-Skip-Class-Scanning=true manifest attribute so JMeter can skip classfile scanning
2025-08-13 22:54:50,389 INFO o.a.j.r.ClassFinder: Will scan jar C:\Users\user\Downloads\apache-jmeter-5.6.3\apache-jmeter-5.6.3\lib\ext\jmeter-plugins-manager-1.11.jar with filter ExtendsClassFilter [parents=[interface org.apache.jmeter.gui.action.Command], inner=false, contains=null, notContains=null]. Consider exposing JMeter plugins via META-INF/services, and add JMeter-Skip-Class-Scanning=true manifest attribute so JMeter can skip classfile scanning
2025-08-13 22:54:50,605 INFO o.a.j.r.ClassFinder: Will scan jar C:\Users\user\Downloads\apache-jmeter-5.6.3\apache-jmeter-5.6.3\lib\ext\har-convertor-jmeter-plugin-7.1-jar-with-dependencies.jar with filter ExtendsClassFilter [parents=[interface org.apache.jmeter.gui.action.Command], inner=false, contains=null, notContains=null]. Consider exposing JMeter plugins via META-INF/services, and add JMeter-Skip-Class-Scanning=true manifest attribute so JMeter can skip classfile scanning
2025-08-13 22:54:51,223 INFO o.a.j.r.ClassFinder: Will scan jar C:\Users\user\Downloads\apache-jmeter-5.6.3\apache-jmeter-5.6.3\lib\ext\jmeter-plugins-graphs-additional-2.0.jar with filter ExtendsClassFilter [parents=[interface org.apache.jmeter.gui.action.Command], inner=false, contains=null, notContains=null]. Consider exposing JMeter plugins via META-INF/services, and add JMeter-Skip-Class-Scanning=true manifest attribute so JMeter can skip classfile scanning
2025-08-13 22:54:51,229 INFO o.a.j.r.ClassFinder: Will scan jar C:\Users\user\Downloads\apache-jmeter-5.6.3\apache-jmeter-5.6.3\lib\ext\jmeter-plugins-casutg-3.1.1.jar with filter ExtendsClassFilter [parents=[interface org.apache.jmeter.gui.action.Command], inner=false, contains=null, notContains=null]. Consider exposing JMeter plugins via META-INF/services, and add JMeter-Skip-Class-Scanning=true manifest attribute so JMeter can skip classfile scanning
2025-08-13 22:54:51,259 INFO o.a.j.r.ClassFinder: Will scan jar C:\Users\user\Downloads\apache-jmeter-5.6.3\apache-jmeter-5.6.3\lib\ext\jmeter-plugins-cmd-2.2.jar with filter ExtendsClassFilter [parents=[interface org.apache.jmeter.gui.action.Command], inner=false, contains=null, notContains=null]. Consider exposing JMeter plugins via META-INF/services, and add JMeter-Skip-Class-Scanning=true manifest attribute so JMeter can skip classfile scanning
2025-08-13 22:54:51,264 INFO o.a.j.r.ClassFinder: Will scan jar C:\Users\user\Downloads\apache-jmeter-5.6.3\apache-jmeter-5.6.3\lib\ext\jmeter-plugins-graphs-basic-2.0.jar with filter ExtendsClassFilter [parents=[interface org.apache.jmeter.gui.action.Command], inner=false, contains=null, notContains=null]. Consider exposing JMeter plugins via META-INF/services, and add JMeter-Skip-Class-Scanning=true manifest attribute so JMeter can skip classfile scanning
2025-08-13 22:54:51,388 INFO o.a.j.r.ClassFinder: Will scan jar C:\Users\user\Downloads\apache-jmeter-5.6.3\apache-jmeter-5.6.3\lib\ext\jmeter-plugins-graphs-ggl-2.0.jar with filter ExtendsClassFilter [parents=[interface org.apache.jmeter.gui.plugin.MenuCreator], inner=false, contains=null, notContains=null]. Consider exposing JMeter plugins via META-INF/services, and add JMeter-Skip-Class-Scanning=true manifest attribute so JMeter can skip classfile scanning
2025-08-13 22:54:51,389 INFO o.a.j.r.ClassFinder: Will scan jar C:\Users\user\Downloads\apache-jmeter-5.6.3\apache-jmeter-5.6.3\lib\ext\jmeter-plugins-graphs-vs-2.0.jar with filter ExtendsClassFilter [parents=[interface org.apache.jmeter.gui.plugin.MenuCreator], inner=false, contains=null, notContains=null]. Consider exposing JMeter plugins via META-INF/services, and add JMeter-Skip-Class-Scanning=true manifest attribute so JMeter can skip classfile scanning
2025-08-13 22:54:51,391 INFO o.a.j.r.ClassFinder: Will scan jar C:\Users\user\Downloads\apache-jmeter-5.6.3\apache-jmeter-5.6.3\lib\ext\jmeter-plugins-manager-1.11.jar with filter ExtendsClassFilter [parents=[interface org.apache.jmeter.gui.plugin.MenuCreator], inner=false, contains=null, notContains=null]. Consider exposing JMeter plugins via META-INF/services, and add JMeter-Skip-Class-Scanning=true manifest attribute so JMeter can skip classfile scanning
2025-08-13 22:54:51,395 INFO o.a.j.r.ClassFinder: Will scan jar C:\Users\user\Downloads\apache-jmeter-5.6.3\apache-jmeter-5.6.3\lib\ext\har-convertor-jmeter-plugin-7.1-jar-with-dependencies.jar with filter ExtendsClassFilter [parents=[interface org.apache.jmeter.gui.plugin.MenuCreator], inner=false, contains=null, notContains=null]. Consider exposing JMeter plugins via META-INF/services, and add JMeter-Skip-Class-Scanning=true manifest attribute so JMeter can skip classfile scanning
2025-08-13 22:54:51,408 INFO o.a.j.r.ClassFinder: Will scan jar C:\Users\user\Downloads\apache-jmeter-5.6.3\apache-jmeter-5.6.3\lib\ext\jmeter-plugins-graphs-additional-2.0.jar with filter ExtendsClassFilter [parents=[interface org.apache.jmeter.gui.plugin.MenuCreator], inner=false, contains=null, notContains=null]. Consider exposing JMeter plugins via META-INF/services, and add JMeter-Skip-Class-Scanning=true manifest attribute so JMeter can skip classfile scanning
2025-08-13 22:54:51,410 INFO o.a.j.r.ClassFinder: Will scan jar C:\Users\user\Downloads\apache-jmeter-5.6.3\apache-jmeter-5.6.3\lib\ext\jmeter-plugins-casutg-3.1.1.jar with filter ExtendsClassFilter [parents=[interface org.apache.jmeter.gui.plugin.MenuCreator], inner=false, contains=null, notContains=null]. Consider exposing JMeter plugins via META-INF/services, and add JMeter-Skip-Class-Scanning=true manifest attribute so JMeter can skip classfile scanning
2025-08-13 22:54:51,412 INFO o.a.j.r.ClassFinder: Will scan jar C:\Users\user\Downloads\apache-jmeter-5.6.3\apache-jmeter-5.6.3\lib\ext\jmeter-plugins-cmd-2.2.jar with filter ExtendsClassFilter [parents=[interface org.apache.jmeter.gui.plugin.MenuCreator], inner=false, contains=null, notContains=null]. Consider exposing JMeter plugins via META-INF/services, and add JMeter-Skip-Class-Scanning=true manifest attribute so JMeter can skip classfile scanning
2025-08-13 22:54:51,413 INFO o.a.j.r.ClassFinder: Will scan jar C:\Users\user\Downloads\apache-jmeter-5.6.3\apache-jmeter-5.6.3\lib\ext\jmeter-plugins-graphs-basic-2.0.jar with filter ExtendsClassFilter [parents=[interface org.apache.jmeter.gui.plugin.MenuCreator], inner=false, contains=null, notContains=null]. Consider exposing JMeter plugins via META-INF/services, and add JMeter-Skip-Class-Scanning=true manifest attribute so JMeter can skip classfile scanning
2025-08-13 22:54:51,871 INFO o.j.r.JARSourceHTTP: Requesting https://jmeter-plugins.org/repo/?installID=windows_11-4d31b3328ad8d1b686523400724770a5-gui
2025-08-13 22:54:57,542 INFO o.j.r.PluginManager: Plugins Status: [jpgc-graphs-basic=2.0, jpgc-graphs-additional=2.0, jpgc-cmd=2.2, jpgc-casutg=3.1.1, jpgc-ggl=2.0, jpgc-graphs-vs=2.0, jpgc-plugins-manager=1.11, jmeter-core=5.6.3, jmeter-ftp=5.6.3, jmeter-http=5.6.3, jmeter-jdbc=5.6.3, jmeter-jms=5.6.3, jmeter-junit=5.6.3, jmeter-java=5.6.3, jmeter-ldap=5.6.3, jmeter-mail=5.6.3, jmeter-mongodb=5.6.3, jmeter-native=5.6.3, jmeter-tcp=5.6.3, jmeter-components=5.6.3, vdn-har-convertor-jmeter-tool=7.1]
